0 info it worked if it ends with ok
1 verbose cli [ 'node', '/usr/local/bin/npm', 'start' ]
2 info using npm@1.4.14
3 info using node@v0.10.29
4 verbose run-script [ 'prestart', 'start', 'poststart' ]
5 info prestart ghost-on-heroku@0.6.4
6 info start ghost-on-heroku@0.6.4
7 verbose unsafe-perm in lifecycle true
8 info ghost-on-heroku@0.6.4 Failed to exec start script
9 error ghost-on-heroku@0.6.4 start: `node server.js`
9 error Exit status 8
10 error Failed at the ghost-on-heroku@0.6.4 start script.
10 error This is most likely a problem with the ghost-on-heroku package,
10 error not with npm itself.
10 error Tell the author that this fails on your system:
10 error     node server.js
10 error You can get their info via:
10 error     npm owner ls ghost-on-heroku
10 error There is likely additional logging output above.
11 error System Darwin 13.4.0
12 error command "node" "/usr/local/bin/npm" "start"
13 error cwd /Users/tylermagnin/blog
14 error node -v v0.10.29
15 error npm -v 1.4.14
16 error code ELIFECYCLE
17 verbose exit [ 1, true ]
